-------------------------------------------------------------------------------
Test set: com.lmxdawn.him.api.BaseApplicationTest
-------------------------------------------------------------------------------
Tests run: 1, Failures: 0, Errors: 1, Skipped: 0, Time elapsed: 0.524 s <<< FAILURE! - in com.lmxdawn.him.api.BaseApplicationTest
initializationError(com.lmxdawn.him.api.BaseApplicationTest)  Time elapsed: 0.028 s  <<< ERROR!
java.lang.Exception: No runnable methods

