<?xml version="1.0" encoding="UTF-8"?>
<testsuite xmlns:xsi="http://www.w3.org/2001/XMLSchema-instance" xsi:noNamespaceSchemaLocation="https://maven.apache.org/surefire/maven-surefire-plugin/xsd/surefire-test-report.xsd" name="com.lmxdawn.him.api.service.group.impl.GroupServiceImplTest" time="23.655" tests="5" errors="0" skipped="0" failures="0">
  <properties>
[...]
</properties>
  <testcase name="updateGroup" classname="com.lmxdawn.him.api.service.group.impl.GroupServiceImplTest" time="0.306"/>
  <testcase name="insertGroup" classname="com.lmxdawn.him.api.service.group.impl.GroupServiceImplTest" time="0.005"/>
  <testcase name="listByGroupIdIn" classname="com.lmxdawn.him.api.service.group.impl.GroupServiceImplTest" time="0.029"/>
  <testcase name="findByGroupId" classname="com.lmxdawn.him.api.service.group.impl.GroupServiceImplTest" time="0.01"/>
  <testcase name="deleteByGroupId" classname="com.lmxdawn.him.api.service.group.impl.GroupServiceImplTest" time="0.009"/>
</testsuite>